Using pre-set license
Built from '2020.3/staging' branch; Version is '2020.3.4f1 (0abb6314276a) revision 703331'; Using compiler version '192528614'; Build Type 'Release'
OS: 'Windows 10 Home; OS build 19043.1348; Version 2009; 64bit' Language: 'cs' Physical Memory: 16301 MB
BatchMode: 1, IsHumanControllingUs: 0, StartBugReporterOnCrash: 0, Is64bit: 1, IsPro: 0

 COMMAND LINE ARGUMENTS:
D:\Unity\2020.3.4f1\Editor\Unity.exe
-adb2
-batchMode
-noUpm
-name
AssetImportWorker0
-projectPath
D:/Unity/PROJECTS/Sandstorm Gamestudio - Botlorant (Photon)
-logFile
Logs/AssetImportWorker0.log
-srvPort
61390
Successfully changed project path to: D:/Unity/PROJECTS/Sandstorm Gamestudio - Botlorant (Photon)
D:/Unity/PROJECTS/Sandstorm Gamestudio - Botlorant (Photon)
Using Asset Import Pipeline V2.
Refreshing native plugins compatible for Editor in 22.48 ms, found 0 plugins.
Preloading 0 native plugins for Editor in 0.00 ms.
Initialize engine version: 2020.3.4f1 (0abb6314276a)
[Subsystems] Discovering subsystems at path D:/Unity/2020.3.4f1/Editor/Data/Resources/UnitySubsystems
[Subsystems] Discovering subsystems at path D:/Unity/PROJECTS/Sandstorm Gamestudio - Botlorant (Photon)/Assets
GfxDevice: creating device client; threaded=0
Direct3D:
    Version:  Direct3D 11.0 [level 11.1]
    Renderer: NVIDIA GeForce GTX 1060 3GB (ID=0x1c02)
    Vendor:   
    VRAM:     2988 MB
    Driver:   30.0.14.9649
Initialize mono
Mono path[0] = 'D:/Unity/2020.3.4f1/Editor/Data/Managed'
Mono path[1] = 'D:/Unity/2020.3.4f1/Editor/Data/MonoBleedingEdge/lib/mono/unityjit'
Mono config path = 'D:/Unity/2020.3.4f1/Editor/Data/MonoBleedingEdge/etc'
Using monoOptions --debugger-agent=transport=dt_socket,embedding=1,server=y,suspend=n,address=127.0.0.1:56848
Begin MonoManager ReloadAssembly
Registering precompiled unity dll's ...
Register platform support module: D:/Unity/2020.3.4f1/Editor/Data/PlaybackEngines/WindowsStandaloneSupport/UnityEditor.WindowsStandalone.Extensions.dll
Registered in 0.000853 seconds.
Native extension for WindowsStandalone target not found
Refreshing native plugins compatible for Editor in 21.43 ms, found 0 plugins.
Preloading 0 native plugins for Editor in 0.00 ms.
Mono: successfully reloaded assembly
- Completed reload, in  0.704 seconds
Platform modules already initialized, skipping
Registering precompiled user dll's ...
Registered in 0.003539 seconds.
Begin MonoManager ReloadAssembly
Native extension for WindowsStandalone target not found
Refreshing native plugins compatible for Editor in 0.35 ms, found 0 plugins.
Preloading 0 native plugins for Editor in 0.00 ms.
Mono: successfully reloaded assembly
- Completed reload, in  0.601 seconds
Platform modules already initialized, skipping
========================================================================
Worker process is ready to serve import requests
Launched and connected shader compiler UnityShaderCompiler.exe after 0.06 seconds
Refreshing native plugins compatible for Editor in 0.59 ms, found 0 plugins.
Preloading 0 native plugins for Editor in 0.00 ms.
Unloading 1317 Unused Serialized files (Serialized files now loaded: 0)
System memory in use before: 77.8 MB.
System memory in use after: 77.9 MB.

Unloading 28 unused Assets to reduce memory usage. Loaded Objects now: 1794.
Total: 1.560800 ms (FindLiveObjects: 0.171500 ms CreateObjectMapping: 0.026900 ms MarkObjects: 1.283100 ms  DeleteObjects: 0.078500 ms)

========================================================================
Received Import Request.
  path: Assets/samples
  artifactKey: Guid(8fe2f589f6f0f1749828faadadf62cbd) Importer(815301076,1909f56bfc062723c751e8b465ee728b)
Start importing Assets/samples using Guid(8fe2f589f6f0f1749828faadadf62cbd) Importer(815301076,1909f56bfc062723c751e8b465ee728b)  -> (artifact id: '10961ec42bd2442fe650ee7c4d6aec45') in 0.006002 seconds
  Import took 0.007496 seconds .

========================================================================
Received Prepare
Registering precompiled user dll's ...
Registered in 0.003149 seconds.
Begin MonoManager ReloadAssembly
Native extension for WindowsStandalone target not found
Refreshing native plugins compatible for Editor in 0.28 ms, found 0 plugins.
Preloading 0 native plugins for Editor in 0.00 ms.
Mono: successfully reloaded assembly
- Completed reload, in  0.558 seconds
Platform modules already initialized, skipping
Refreshing native plugins compatible for Editor in 0.26 ms, found 0 plugins.
Preloading 0 native plugins for Editor in 0.00 ms.
Unloading 1160 Unused Serialized files (Serialized files now loaded: 0)
System memory in use before: 73.6 MB.
System memory in use after: 73.7 MB.

Unloading 156 unused Assets to reduce memory usage. Loaded Objects now: 1664.
Total: 1.368400 ms (FindLiveObjects: 0.117400 ms CreateObjectMapping: 0.029300 ms MarkObjects: 1.157400 ms  DeleteObjects: 0.063700 ms)

========================================================================
Received Import Request.
  Time since last request: 7.367040 seconds.
  path: Assets/_TerrainAutoUpgrade/layer_GoodDirt30f398e87d143c9f.terrainlayer
  artifactKey: Guid(9308b2af44d15294a99893011dfcae4e) Importer(815301076,1909f56bfc062723c751e8b465ee728b)
Start importing Assets/_TerrainAutoUpgrade/layer_GoodDirt30f398e87d143c9f.terrainlayer using Guid(9308b2af44d15294a99893011dfcae4e) Importer(815301076,1909f56bfc062723c751e8b465ee728b)  -> (artifact id: 'a5cad8d9526213c5bd3a75b2e8693a74') in 0.043965 seconds
  Import took 0.045653 seconds .

========================================================================
Received Import Request.
  Time since last request: 0.936123 seconds.
  path: Assets/_TerrainAutoUpgrade/layer_Grass (Hill)30f398e87d143c9f.terrainlayer
  artifactKey: Guid(fc1b0b4e0ca379e41a1297a9abff649d) Importer(815301076,1909f56bfc062723c751e8b465ee728b)
Start importing Assets/_TerrainAutoUpgrade/layer_Grass (Hill)30f398e87d143c9f.terrainlayer using Guid(fc1b0b4e0ca379e41a1297a9abff649d) Importer(815301076,1909f56bfc062723c751e8b465ee728b)  -> (artifact id: '8785a66cce2482e4e0a0f48c1df8c64b') in 0.006425 seconds
  Import took 0.008027 seconds .

========================================================================
Received Import Request.
  Time since last request: 0.801419 seconds.
  path: Assets/_TerrainAutoUpgrade/layer_Grass&Rock30f398e87d143c9f.terrainlayer
  artifactKey: Guid(b2f62b4aa1feee54ea75ecdd58c85951) Importer(815301076,1909f56bfc062723c751e8b465ee728b)
Start importing Assets/_TerrainAutoUpgrade/layer_Grass&Rock30f398e87d143c9f.terrainlayer using Guid(b2f62b4aa1feee54ea75ecdd58c85951) Importer(815301076,1909f56bfc062723c751e8b465ee728b)  -> (artifact id: '7c5952acf3ec8aa38da75551c595c897') in 0.006615 seconds
  Import took 0.008684 seconds .

========================================================================
Received Import Request.
  Time since last request: 11.856030 seconds.
  path: Assets/_TerrainAutoUpgrade
  artifactKey: Guid(1272b32de9088ba47a5c628f10c9b369) Importer(815301076,1909f56bfc062723c751e8b465ee728b)
Start importing Assets/_TerrainAutoUpgrade using Guid(1272b32de9088ba47a5c628f10c9b369) Importer(815301076,1909f56bfc062723c751e8b465ee728b)  -> (artifact id: '05c59d7ee03fa34a5f5c959d27840b4f') in 0.004557 seconds
  Import took 0.006170 seconds .

========================================================================
Received Import Request.
  Time since last request: 10.194243 seconds.
  path: Assets/Scenes/SampleScene.unity
  artifactKey: Guid(9fc0d4010bbf28b4594072e72b8655ab) Importer(815301076,1909f56bfc062723c751e8b465ee728b)
Start importing Assets/Scenes/SampleScene.unity using Guid(9fc0d4010bbf28b4594072e72b8655ab) Importer(815301076,1909f56bfc062723c751e8b465ee728b)  -> (artifact id: 'c80e8aeccf842a9d666422b59b1c1ee1') in 0.005660 seconds
  Import took 0.007305 seconds .

========================================================================
Received Prepare
Registering precompiled user dll's ...
Registered in 0.003636 seconds.
Begin MonoManager ReloadAssembly
Native extension for WindowsStandalone target not found
Refreshing native plugins compatible for Editor in 0.28 ms, found 0 plugins.
Preloading 0 native plugins for Editor in 0.00 ms.
Mono: successfully reloaded assembly
- Completed reload, in  0.569 seconds
Platform modules already initialized, skipping
Refreshing native plugins compatible for Editor in 0.28 ms, found 0 plugins.
Preloading 0 native plugins for Editor in 0.00 ms.
Unloading 1160 Unused Serialized files (Serialized files now loaded: 0)
System memory in use before: 76.3 MB.
System memory in use after: 76.4 MB.

Unloading 23 unused Assets to reduce memory usage. Loaded Objects now: 1670.
Total: 1.410700 ms (FindLiveObjects: 0.137100 ms CreateObjectMapping: 0.027500 ms MarkObjects: 1.201600 ms  DeleteObjects: 0.043800 ms)

